# JRE version: OpenJDK Runtime Environment Microsoft-8035246 (17.0.8+7) (build 17.0.8+7-LTS)
# Java VM: OpenJDK 64-Bit Server VM Microsoft-8035246 (17.0.8+7-LTS, mixed mode, sharing, tiered, compressed oops, compressed class ptrs, g1 gc, windows-amd64)
GC Precious Log:
 CPUs: 8 total, 8 available
 Memory: 16122M
 Large Page Support: Disabled
 NUMA Support: Disabled
 Compressed Oops: Enabled (32-bit)
 Heap Region Size: 1M
 Heap Min Capacity: 8M
 Heap Initial Capacity: 252M
 Heap Max Capacity: 2G
 Pre-touch: Disabled
 Parallel Workers: 8
 Concurrent Workers: 2
 Concurrent Refinement Workers: 8
 Periodic GC: Disabled
Heap:
 garbage-first heap   total 239616K, used 183767K [0x0000000080000000, 0x0000000100000000)
  region size 1024K, 12 young (12288K), 5 survivors (5120K)
 Metaspace       used 99049K, committed 100160K, reserved 557056K
  class space    used 13871K, committed 14400K, reserved 425984K
GC Heap History (20 events):
Event: 34.350 GC heap before
{Heap before GC invocations=62 (full 0):
 garbage-first heap   total 199680K, used 163076K [0x0000000080000000, 0x0000000100000000)
  region size 1024K, 27 young (27648K), 4 survivors (4096K)
 Metaspace       used 90459K, committed 91392K, reserved 557056K
  class space    used 12685K, committed 13120K, reserved 425984K
}
Event: 34.356 GC heap after
{Heap after GC invocations=63 (full 0):
 garbage-first heap   total 199680K, used 145779K [0x0000000080000000, 0x0000000100000000)
  region size 1024K, 4 young (4096K), 4 survivors (4096K)
 Metaspace       used 90459K, committed 91392K, reserved 557056K
  class space    used 12685K, committed 13120K, reserved 425984K
}
Event: 34.568 GC heap before
{Heap before GC invocations=63 (full 0):
 garbage-first heap   total 199680K, used 164211K [0x0000000080000000, 0x0000000100000000)
  region size 1024K, 23 young (23552K), 4 survivors (4096K)
 Metaspace       used 91568K, committed 92480K, reserved 557056K
  class space    used 12834K, committed 13248K, reserved 425984K
}
Event: 34.572 GC heap after
{Heap after GC invocations=64 (full 0):
 garbage-first heap   total 199680K, used 147360K [0x0000000080000000, 0x0000000100000000)
  region size 1024K, 2 young (2048K), 2 survivors (2048K)
 Metaspace       used 91568K, committed 92480K, reserved 557056K
  class space    used 12834K, committed 13248K, reserved 425984K
}
Event: 34.756 GC heap before
{Heap before GC invocations=64 (full 0):
 garbage-first heap   total 199680K, used 166816K [0x0000000080000000, 0x0000000100000000)
  region size 1024K, 21 young (21504K), 2 survivors (2048K)
 Metaspace       used 93246K, committed 94144K, reserved 557056K
  class space    used 13116K, committed 13504K, reserved 425984K
}
Event: 34.759 GC heap after
{Heap after GC invocations=65 (full 0):
 garbage-first heap   total 199680K, used 147850K [0x0000000080000000, 0x0000000100000000)
  region size 1024K, 2 young (2048K), 2 survivors (2048K)
 Metaspace       used 93246K, committed 94144K, reserved 557056K
  class space    used 13116K, committed 13504K, reserved 425984K
}
Event: 35.028 GC heap before
{Heap before GC invocations=65 (full 0):
 garbage-first heap   total 199680K, used 168330K [0x0000000080000000, 0x0000000100000000)
  region size 1024K, 22 young (22528K), 2 survivors (2048K)
 Metaspace       used 95001K, committed 96000K, reserved 557056K
  class space    used 13342K, committed 13824K, reserved 425984K
}
Event: 35.032 GC heap after
{Heap after GC invocations=66 (full 0):
 garbage-first heap   total 239616K, used 148855K [0x0000000080000000, 0x0000000100000000)
  region size 1024K, 2 young (2048K), 2 survivors (2048K)
 Metaspace       used 95001K, committed 96000K, reserved 557056K
  class space    used 13342K, committed 13824K, reserved 425984K
}
Event: 35.786 GC heap before
{Heap before GC invocations=66 (full 0):
 garbage-first heap   total 239616K, used 196983K [0x0000000080000000, 0x0000000100000000)
  region size 1024K, 49 young (50176K), 2 survivors (2048K)
 Metaspace       used 96764K, committed 97856K, reserved 557056K
  class space    used 13580K, committed 14080K, reserved 425984K
}
Event: 35.796 GC heap after
{Heap after GC invocations=67 (full 0):
 garbage-first heap   total 239616K, used 154054K [0x0000000080000000, 0x0000000100000000)
  region size 1024K, 7 young (7168K), 7 survivors (7168K)
 Metaspace       used 96764K, committed 97856K, reserved 557056K
  class space    used 13580K, committed 14080K, reserved 425984K
}
Event: 36.234 GC heap before
{Heap before GC invocations=67 (full 0):
 garbage-first heap   total 239616K, used 198086K [0x0000000080000000, 0x0000000100000000)
  region size 1024K, 50 young (51200K), 7 survivors (7168K)
 Metaspace       used 97169K, committed 98176K, reserved 557056K
  class space    used 13605K, committed 14080K, reserved 425984K
}
Event: 36.244 GC heap after
{Heap after GC invocations=68 (full 0):
 garbage-first heap   total 239616K, used 159004K [0x0000000080000000, 0x0000000100000000)
  region size 1024K, 5 young (5120K), 5 survivors (5120K)
 Metaspace       used 97169K, committed 98176K, reserved 557056K
  class space    used 13605K, committed 14080K, reserved 425984K
}
Event: 36.714 GC heap before
{Heap before GC invocations=68 (full 0):
 garbage-first heap   total 239616K, used 198940K [0x0000000080000000, 0x0000000100000000)
  region size 1024K, 45 young (46080K), 5 survivors (5120K)
 Metaspace       used 98277K, committed 99328K, reserved 557056K
  class space    used 13811K, committed 14336K, reserved 425984K
}
Event: 36.723 GC heap after
{Heap after GC invocations=69 (full 0):
 garbage-first heap   total 239616K, used 163209K [0x0000000080000000, 0x0000000100000000)
  region size 1024K, 5 young (5120K), 5 survivors (5120K)
 Metaspace       used 98277K, committed 99328K, reserved 557056K
  class space    used 13811K, committed 14336K, reserved 425984K
}
Event: 37.107 GC heap before
{Heap before GC invocations=69 (full 0):
 garbage-first heap   total 239616K, used 200073K [0x0000000080000000, 0x0000000100000000)
  region size 1024K, 42 young (43008K), 5 survivors (5120K)
 Metaspace       used 98565K, committed 99584K, reserved 557056K
  class space    used 13818K, committed 14336K, reserved 425984K
}
Event: 37.112 GC heap after
{Heap after GC invocations=70 (full 0):
 garbage-first heap   total 239616K, used 164519K [0x0000000080000000, 0x0000000100000000)
  region size 1024K, 2 young (2048K), 2 survivors (2048K)
 Metaspace       used 98565K, committed 99584K, reserved 557056K
  class space    used 13818K, committed 14336K, reserved 425984K
}
Event: 37.476 GC heap before
{Heap before GC invocations=70 (full 0):
 garbage-first heap   total 239616K, used 202407K [0x0000000080000000, 0x0000000100000000)
  region size 1024K, 40 young (40960K), 2 survivors (2048K)
 Metaspace       used 98946K, committed 99968K, reserved 557056K
  class space    used 13867K, committed 14400K, reserved 425984K
}
Event: 37.481 GC heap after
{Heap after GC invocations=71 (full 0):
 garbage-first heap   total 239616K, used 168787K [0x0000000080000000, 0x0000000100000000)
  region size 1024K, 5 young (5120K), 5 survivors (5120K)
 Metaspace       used 98946K, committed 99968K, reserved 557056K
  class space    used 13867K, committed 14400K, reserved 425984K
}
Event: 37.764 GC heap before
{Heap before GC invocations=71 (full 0):
 garbage-first heap   total 239616K, used 202579K [0x0000000080000000, 0x0000000100000000)
  region size 1024K, 39 young (39936K), 5 survivors (5120K)
 Metaspace       used 98959K, committed 99968K, reserved 557056K
  class space    used 13867K, committed 14400K, reserved 425984K
}
Event: 37.770 GC heap after
{Heap after GC invocations=72 (full 0):
 garbage-first heap   total 239616K, used 171347K [0x0000000080000000, 0x0000000100000000)
  region size 1024K, 3 young (3072K), 3 survivors (3072K)
 Metaspace       used 98959K, committed 99968K, reserved 557056K
  class space    used 13867K, committed 14400K, reserved 425984K
}

